android-studio/coronaPass/androidApp/build/intermediates/manifest_merge_blame_file/debug/manifest-merger-blame-debug-report.txt
1<?xml version="1.0" encoding="utf-8"?>
2<manifest xmlns:android="http://schemas.android.com/apk/res/android"
3    package="es.udc.tfg.delossantos.coronapass.androidApp"
4    android:versionCode="1"
5    android:versionName="1.0" >
6
7    <uses-sdk
8        android:minSdkVersion="24"
8-->src\main\AndroidManifest.xml
9        android:targetSdkVersion="29" />
9-->src\main\AndroidManifest.xml
10
11    <uses-permission android:name="android.permission.CAMERA" />
11-->src\main\AndroidManifest.xml:5:5-65
11-->src\main\AndroidManifest.xml:5:22-62
12    <uses-permission android:name="android.permission.INTERNET" />
12-->src\main\AndroidManifest.xml:6:5-67
12-->src\main\AndroidManifest.xml:6:22-64
13
14    <uses-feature android:name="android.hardware.camera" />
14-->[:shared] AndroidManifest.xml:14:5-60
14-->[:shared] AndroidManifest.xml:14:19-57
15
16    <uses-permission android:name="android.permission.USE_BIOMETRIC" /> <!-- suppress DeprecatedClassUsageInspection -->
16-->[androidx.biometric:biometric:1.2.0-alpha03] AndroidManifest.xml:24:5-72
16-->[androidx.biometric:biometric:1.2.0-alpha03] AndroidManifest.xml:24:22-69
17    <uses-permission android:name="android.permission.USE_FINGERPRINT" />
17-->[androidx.biometric:biometric:1.2.0-alpha03] AndroidManifest.xml:27:5-74
17-->[androidx.biometric:biometric:1.2.0-alpha03] AndroidManifest.xml:27:22-71
18
19    <uses-feature
19-->[com.journeyapps:zxing-android-embedded:3.6.0] AndroidManifest.xml:28:5-30:36
20        android:name="android.hardware.camera.front"
20-->[com.journeyapps:zxing-android-embedded:3.6.0] AndroidManifest.xml:29:9-53
21        android:required="false" /> <!-- TODO replace above two with next line after Android 4.2 -->
21-->[com.journeyapps:zxing-android-embedded:3.6.0] AndroidManifest.xml:30:9-33
22    <!-- <uses-feature android:name="android.hardware.camera.any"/> -->
23    <uses-feature
23-->[com.journeyapps:zxing-android-embedded:3.6.0] AndroidManifest.xml:33:5-35:36
24        android:name="android.hardware.camera.autofocus"
24-->[com.journeyapps:zxing-android-embedded:3.6.0] AndroidManifest.xml:34:9-57
25        android:required="false" />
25-->[com.journeyapps:zxing-android-embedded:3.6.0] AndroidManifest.xml:35:9-33
26    <uses-feature
26-->[com.journeyapps:zxing-android-embedded:3.6.0] AndroidManifest.xml:36:5-38:36
27        android:name="android.hardware.camera.flash"
27-->[com.journeyapps:zxing-android-embedded:3.6.0] AndroidManifest.xml:37:9-53
28        android:required="false" />
28-->[com.journeyapps:zxing-android-embedded:3.6.0] AndroidManifest.xml:38:9-33
29    <uses-feature
29-->[com.journeyapps:zxing-android-embedded:3.6.0] AndroidManifest.xml:39:5-41:36
30        android:name="android.hardware.screen.landscape"
30-->[com.journeyapps:zxing-android-embedded:3.6.0] AndroidManifest.xml:40:9-57
31        android:required="false" />
31-->[com.journeyapps:zxing-android-embedded:3.6.0] AndroidManifest.xml:41:9-33
32    <uses-feature
32-->[com.journeyapps:zxing-android-embedded:3.6.0] AndroidManifest.xml:42:5-44:36
33        android:name="android.hardware.wifi"
33-->[com.journeyapps:zxing-android-embedded:3.6.0] AndroidManifest.xml:43:9-45
34        android:required="false" /> <!-- Although the *SdkVersion is captured in gradle build files, this is required for non gradle builds -->
34-->[com.journeyapps:zxing-android-embedded:3.6.0] AndroidManifest.xml:44:9-33
35    <!-- <uses-sdk android:minSdkVersion="14"/> -->
36    <uses-permission android:name="android.permission.ACCESS_NETWORK_STATE" />
36-->[com.google.firebase:firebase-database:19.7.0] AndroidManifest.xml:25:5-79
36-->[com.google.firebase:firebase-database:19.7.0] AndroidManifest.xml:25:22-76
37    <uses-permission android:name="android.permission.WAKE_LOCK" />
37-->[com.google.android.gms:play-services-measurement-api:18.0.3] AndroidManifest.xml:24:5-68
37-->[com.google.android.gms:play-services-measurement-api:18.0.3] AndroidManifest.xml:24:22-65
38    <uses-permission android:name="com.google.android.finsky.permission.BIND_GET_INSTALL_REFERRER_SERVICE" />
38-->[com.google.android.gms:play-services-measurement:18.0.3] AndroidManifest.xml:26:5-110
38-->[com.google.android.gms:play-services-measurement:18.0.3] AndroidManifest.xml:26:22-107
39
40    <application
40-->src\main\AndroidManifest.xml:8:5-55:19
41        android:allowBackup="false"
41-->src\main\AndroidManifest.xml:9:9-36
42        android:appComponentFactory="androidx.core.app.CoreComponentFactory"
42-->[androidx.core:core:1.3.2] AndroidManifest.xml:24:18-86
43        android:debuggable="true"
44        android:extractNativeLibs="false"
45        android:hardwareAccelerated="false"
45-->src\main\AndroidManifest.xml:10:9-44
46        android:largeHeap="true"
46-->src\main\AndroidManifest.xml:11:9-33
47        android:supportsRtl="true"
47-->src\main\AndroidManifest.xml:12:9-35
48        android:testOnly="true"
49        android:theme="@style/AppTheme"
49-->src\main\AndroidManifest.xml:13:9-40
50        android:usesCleartextTraffic="true" >
50-->[:shared] AndroidManifest.xml:16:18-53
51        <activity android:name="es.udc.tfg.delossantos.coronapass.androidApp.MyListAdapter" />
51-->src\main\AndroidManifest.xml:14:9-60
51-->src\main\AndroidManifest.xml:14:19-48
52        <activity android:name="es.udc.tfg.delossantos.coronapass.androidApp.patient.PatientWallet" />
52-->src\main\AndroidManifest.xml:15:9-59
52-->src\main\AndroidManifest.xml:15:19-56
53        <activity android:name="es.udc.tfg.delossantos.coronapass.androidApp.welcomesliders.SplashActivity" >
53-->src\main\AndroidManifest.xml:16:9-22:20
53-->src\main\AndroidManifest.xml:16:19-64
54            <intent-filter>
54-->src\main\AndroidManifest.xml:17:13-21:29
55                <action android:name="android.intent.action.MAIN" />
55-->src\main\AndroidManifest.xml:18:17-69
55-->src\main\AndroidManifest.xml:18:25-66
56
57                <category android:name="android.intent.category.LAUNCHER" />
57-->src\main\AndroidManifest.xml:20:17-77
57-->src\main\AndroidManifest.xml:20:27-74
58            </intent-filter>
59        </activity>
60
61        <provider
61-->src\main\AndroidManifest.xml:24:9-34:20
62            android:name="androidx.core.content.FileProvider"
62-->src\main\AndroidManifest.xml:25:13-62
63            android:authorities="es.udc.tfg.delossantos.coronapass.androidApp.provider"
63-->src\main\AndroidManifest.xml:26:13-88
64            android:exported="false"
64-->src\main\AndroidManifest.xml:27:13-37
65            android:grantUriPermissions="true" >
65-->src\main\AndroidManifest.xml:28:13-47
66
67            <!-- ressource file to create -->
68            <meta-data
68-->src\main\AndroidManifest.xml:31:13-33:54
69                android:name="android.support.FILE_PROVIDER_PATHS"
69-->src\main\AndroidManifest.xml:32:17-67
70                android:resource="@xml/file_paths" />
70-->src\main\AndroidManifest.xml:33:17-51
71        </provider>
72
73        <activity android:name="es.udc.tfg.delossantos.coronapass.androidApp.cdc.AddProfileDataCdc" />
73-->src\main\AndroidManifest.xml:36:9-59
73-->src\main\AndroidManifest.xml:36:19-56
74        <activity android:name="es.udc.tfg.delossantos.coronapass.androidApp.welcomesliders.IntroSliderActivity" />
74-->src\main\AndroidManifest.xml:37:9-72
74-->src\main\AndroidManifest.xml:37:19-69
75        <activity android:name="es.udc.tfg.delossantos.coronapass.androidApp.usersmanagement.LogIn" />
75-->src\main\AndroidManifest.xml:38:9-59
75-->src\main\AndroidManifest.xml:38:19-56
76        <activity
76-->src\main\AndroidManifest.xml:39:9-43:20
77            android:name="es.udc.tfg.delossantos.coronapass.androidApp.usersmanagement.SignUp"
77-->src\main\AndroidManifest.xml:40:13-51
78            android:theme="@style/AppTheme" >
78-->src\main\AndroidManifest.xml:41:13-44
79            >
80        </activity>
81        <activity android:name="es.udc.tfg.delossantos.coronapass.androidApp.ReaccionesAdversas" />
81-->src\main\AndroidManifest.xml:44:9-56
81-->src\main\AndroidManifest.xml:44:19-53
82        <activity android:name="es.udc.tfg.delossantos.coronapass.androidApp.cdc.AddReaccionCdc" />
82-->src\main\AndroidManifest.xml:45:9-56
82-->src\main\AndroidManifest.xml:45:19-53
83        <activity android:name="es.udc.tfg.delossantos.coronapass.androidApp.TestsRealizados" />
83-->src\main\AndroidManifest.xml:46:9-53
83-->src\main\AndroidManifest.xml:46:19-50
84        <activity android:name="es.udc.tfg.delossantos.coronapass.androidApp.cdc.AddTestCdc" />
84-->src\main\AndroidManifest.xml:47:9-52
84-->src\main\AndroidManifest.xml:47:19-49
85        <activity android:name="es.udc.tfg.delossantos.coronapass.androidApp.cdc.AddDosisCdc" />
85-->src\main\AndroidManifest.xml:48:9-53
85-->src\main\AndroidManifest.xml:48:19-50
86        <activity android:name="es.udc.tfg.delossantos.coronapass.androidApp.cdc.ScanPassportCdc" />
86-->src\main\AndroidManifest.xml:49:9-57
86-->src\main\AndroidManifest.xml:49:19-54
87        <activity android:name="es.udc.tfg.delossantos.coronapass.androidApp.cdc.CdcMain" />
87-->src\main\AndroidManifest.xml:50:9-49
87-->src\main\AndroidManifest.xml:50:19-46
88        <activity android:name="es.udc.tfg.delossantos.coronapass.androidApp.DosisRecibidas" />
88-->src\main\AndroidManifest.xml:51:9-52
88-->src\main\AndroidManifest.xml:51:19-49
89        <activity
89-->src\main\AndroidManifest.xml:52:9-54:46
90            android:name="es.udc.tfg.delossantos.coronapass.androidApp.MainActivity"
90-->src\main\AndroidManifest.xml:53:13-41
91            android:label="CoronaPassport" />
91-->src\main\AndroidManifest.xml:54:13-43
92        <activity android:name="es.udc.tfg.delossantos.coronapass.androidApp.patient.Blockchain" />
92-->[:shared] AndroidManifest.xml:17:9-100
92-->[:shared] AndroidManifest.xml:17:19-97
93        <activity android:name="es.udc.tfg.delossantos.coronapass.androidApp.patient.ShowPassport" />
93-->[:shared] AndroidManifest.xml:18:9-102
93-->[:shared] AndroidManifest.xml:18:19-99
94        <activity android:name="es.udc.tfg.delossantos.coronapass.androidApp.patient.AddPersonalData" />
94-->[:shared] AndroidManifest.xml:19:9-105
94-->[:shared] AndroidManifest.xml:19:19-102
95        <activity
95-->[com.journeyapps:zxing-android-embedded:3.6.0] AndroidManifest.xml:47:9-53:63
96            android:name="com.journeyapps.barcodescanner.CaptureActivity"
96-->[com.journeyapps:zxing-android-embedded:3.6.0] AndroidManifest.xml:48:13-74
97            android:clearTaskOnLaunch="true"
97-->[com.journeyapps:zxing-android-embedded:3.6.0] AndroidManifest.xml:49:13-45
98            android:screenOrientation="sensorLandscape"
98-->[com.journeyapps:zxing-android-embedded:3.6.0] AndroidManifest.xml:50:13-56
99            android:stateNotNeeded="true"
99-->[com.journeyapps:zxing-android-embedded:3.6.0] AndroidManifest.xml:51:13-42
100            android:theme="@style/zxing_CaptureTheme"
100-->[com.journeyapps:zxing-android-embedded:3.6.0] AndroidManifest.xml:52:13-54
101            android:windowSoftInputMode="stateAlwaysHidden" />
101-->[com.journeyapps:zxing-android-embedded:3.6.0] AndroidManifest.xml:53:13-60
102
103        <service
103-->[com.google.firebase:firebase-auth-ktx:20.0.4] AndroidManifest.xml:8:9-14:19
104            android:name="com.google.firebase.components.ComponentDiscoveryService"
104-->[com.google.firebase:firebase-auth-ktx:20.0.4] AndroidManifest.xml:9:13-84
105            android:directBootAware="true"
105-->[com.google.firebase:firebase-common:19.5.0] AndroidManifest.xml:35:13-43
106            android:exported="false" >
106-->[com.google.firebase:firebase-auth-ktx:20.0.4] AndroidManifest.xml:10:13-37
107            <meta-data
107-->[com.google.firebase:firebase-auth-ktx:20.0.4] AndroidManifest.xml:11:13-13:85
108                android:name="com.google.firebase.components:com.google.firebase.auth.ktx.FirebaseAuthKtxRegistrar"
108-->[com.google.firebase:firebase-auth-ktx:20.0.4] AndroidManifest.xml:12:17-116
109                android:value="com.google.firebase.components.ComponentRegistrar" />
109-->[com.google.firebase:firebase-auth-ktx:20.0.4] AndroidManifest.xml:13:17-82
110            <meta-data
110-->[com.google.firebase:firebase-analytics-ktx:18.0.3] AndroidManifest.xml:11:13-13:85
111                android:name="com.google.firebase.components:com.google.firebase.analytics.ktx.FirebaseAnalyticsKtxRegistrar"
111-->[com.google.firebase:firebase-analytics-ktx:18.0.3] AndroidManifest.xml:12:17-126
112                android:value="com.google.firebase.components.ComponentRegistrar" />
112-->[com.google.firebase:firebase-analytics-ktx:18.0.3] AndroidManifest.xml:13:17-82
113            <meta-data
113-->[com.google.firebase:firebase-common-ktx:19.5.0] AndroidManifest.xml:15:13-17:85
114                android:name="com.google.firebase.components:com.google.firebase.ktx.FirebaseCommonKtxRegistrar"
114-->[com.google.firebase:firebase-common-ktx:19.5.0] AndroidManifest.xml:16:17-113
115                android:value="com.google.firebase.components.ComponentRegistrar" />
115-->[com.google.firebase:firebase-common-ktx:19.5.0] AndroidManifest.xml:17:17-82
116            <meta-data
116-->[com.google.firebase:firebase-database:19.7.0] AndroidManifest.xml:32:13-34:85
117                android:name="com.google.firebase.components:com.google.firebase.database.DatabaseRegistrar"
117-->[com.google.firebase:firebase-database:19.7.0] AndroidManifest.xml:33:17-109
118                android:value="com.google.firebase.components.ComponentRegistrar" />
118-->[com.google.firebase:firebase-database:19.7.0] AndroidManifest.xml:34:17-82
119            <meta-data
119-->[com.google.firebase:firebase-auth:20.0.4] AndroidManifest.xml:77:13-79:85
120                android:name="com.google.firebase.components:com.google.firebase.auth.FirebaseAuthRegistrar"
120-->[com.google.firebase:firebase-auth:20.0.4] AndroidManifest.xml:78:17-109
121                android:value="com.google.firebase.components.ComponentRegistrar" />
121-->[com.google.firebase:firebase-auth:20.0.4] AndroidManifest.xml:79:17-82
122            <meta-data
122-->[com.google.android.gms:play-services-measurement-api:18.0.3] AndroidManifest.xml:30:13-32:85
123                android:name="com.google.firebase.components:com.google.firebase.analytics.connector.internal.AnalyticsConnectorRegistrar"
123-->[com.google.android.gms:play-services-measurement-api:18.0.3] AndroidManifest.xml:31:17-139
124                android:value="com.google.firebase.components.ComponentRegistrar" />
124-->[com.google.android.gms:play-services-measurement-api:18.0.3] AndroidManifest.xml:32:17-82
125            <meta-data
125-->[com.google.firebase:firebase-installations:16.3.5] AndroidManifest.xml:18:13-20:85
126                android:name="com.google.firebase.components:com.google.firebase.installations.FirebaseInstallationsRegistrar"
126-->[com.google.firebase:firebase-installations:16.3.5] AndroidManifest.xml:19:17-127
127                android:value="com.google.firebase.components.ComponentRegistrar" />
127-->[com.google.firebase:firebase-installations:16.3.5] AndroidManifest.xml:20:17-82
128            <!--
129                This registrar is not defined in the dynamic-module-support sdk itself to allow non-firebase
130                clients to use it as well, by defining this registrar in their own core/common library.
131            -->
132            <meta-data
132-->[com.google.firebase:firebase-common:19.5.0] AndroidManifest.xml:43:13-45:85
133                android:name="com.google.firebase.components:com.google.firebase.dynamicloading.DynamicLoadingRegistrar"
133-->[com.google.firebase:firebase-common:19.5.0] AndroidManifest.xml:44:17-121
134                android:value="com.google.firebase.components.ComponentRegistrar" />
134-->[com.google.firebase:firebase-common:19.5.0] AndroidManifest.xml:45:17-82
135        </service>
136
137        <activity
137-->[com.google.firebase:firebase-auth:20.0.4] AndroidManifest.xml:27:9-44:20
138            android:name="com.google.firebase.auth.internal.GenericIdpActivity"
138-->[com.google.firebase:firebase-auth:20.0.4] AndroidManifest.xml:28:13-80
139            android:excludeFromRecents="true"
139-->[com.google.firebase:firebase-auth:20.0.4] AndroidManifest.xml:29:13-46
140            android:exported="true"
140-->[com.google.firebase:firebase-auth:20.0.4] AndroidManifest.xml:30:13-36
141            android:launchMode="singleTask"
141-->[com.google.firebase:firebase-auth:20.0.4] AndroidManifest.xml:31:13-44
142            android:theme="@android:style/Theme.Translucent.NoTitleBar" >
142-->[com.google.firebase:firebase-auth:20.0.4] AndroidManifest.xml:32:13-72
143            <intent-filter>
143-->[com.google.firebase:firebase-auth:20.0.4] AndroidManifest.xml:33:13-43:29
144                <action android:name="android.intent.action.VIEW" />
144-->[com.google.firebase:firebase-auth:20.0.4] AndroidManifest.xml:34:17-69
144-->[com.google.firebase:firebase-auth:20.0.4] AndroidManifest.xml:34:25-66
145
146                <category android:name="android.intent.category.DEFAULT" />
146-->[com.google.firebase:firebase-auth:20.0.4] AndroidManifest.xml:36:17-76
146-->[com.google.firebase:firebase-auth:20.0.4] AndroidManifest.xml:36:27-73
147                <category android:name="android.intent.category.BROWSABLE" />
147-->[com.google.firebase:firebase-auth:20.0.4] AndroidManifest.xml:37:17-78
147-->[com.google.firebase:firebase-auth:20.0.4] AndroidManifest.xml:37:27-75
148
149                <data
149-->[com.google.firebase:firebase-auth:20.0.4] AndroidManifest.xml:39:17-42:51
150                    android:host="firebase.auth"
150-->[com.google.firebase:firebase-auth:20.0.4] AndroidManifest.xml:40:21-49
151                    android:path="/"
151-->[com.google.firebase:firebase-auth:20.0.4] AndroidManifest.xml:41:21-37
152                    android:scheme="genericidp" />
152-->[com.google.firebase:firebase-auth:20.0.4] AndroidManifest.xml:42:21-48
153            </intent-filter>
154        </activity>
155        <activity
155-->[com.google.firebase:firebase-auth:20.0.4] AndroidManifest.xml:45:9-62:20
156            android:name="com.google.firebase.auth.internal.RecaptchaActivity"
156-->[com.google.firebase:firebase-auth:20.0.4] AndroidManifest.xml:46:13-79
157            android:excludeFromRecents="true"
157-->[com.google.firebase:firebase-auth:20.0.4] AndroidManifest.xml:47:13-46
158            android:exported="true"
158-->[com.google.firebase:firebase-auth:20.0.4] AndroidManifest.xml:48:13-36
159            android:launchMode="singleTask"
159-->[com.google.firebase:firebase-auth:20.0.4] AndroidManifest.xml:49:13-44
160            android:theme="@android:style/Theme.Translucent.NoTitleBar" >
160-->[com.google.firebase:firebase-auth:20.0.4] AndroidManifest.xml:50:13-72
161            <intent-filter>
161-->[com.google.firebase:firebase-auth:20.0.4] AndroidManifest.xml:51:13-61:29
162                <action android:name="android.intent.action.VIEW" />
162-->[com.google.firebase:firebase-auth:20.0.4] AndroidManifest.xml:34:17-69
162-->[com.google.firebase:firebase-auth:20.0.4] AndroidManifest.xml:34:25-66
163
164                <category android:name="android.intent.category.DEFAULT" />
164-->[com.google.firebase:firebase-auth:20.0.4] AndroidManifest.xml:36:17-76
164-->[com.google.firebase:firebase-auth:20.0.4] AndroidManifest.xml:36:27-73
165                <category android:name="android.intent.category.BROWSABLE" />
165-->[com.google.firebase:firebase-auth:20.0.4] AndroidManifest.xml:37:17-78
165-->[com.google.firebase:firebase-auth:20.0.4] AndroidManifest.xml:37:27-75
166
167                <data
167-->[com.google.firebase:firebase-auth:20.0.4] AndroidManifest.xml:39:17-42:51
168                    android:host="firebase.auth"
168-->[com.google.firebase:firebase-auth:20.0.4] AndroidManifest.xml:40:21-49
169                    android:path="/"
169-->[com.google.firebase:firebase-auth:20.0.4] AndroidManifest.xml:41:21-37
170                    android:scheme="recaptcha" />
170-->[com.google.firebase:firebase-auth:20.0.4] AndroidManifest.xml:42:21-48
171            </intent-filter>
172        </activity>
173
174        <service
174-->[com.google.firebase:firebase-auth:20.0.4] AndroidManifest.xml:64:9-73:19
175            android:name="com.google.firebase.auth.api.fallback.service.FirebaseAuthFallbackService"
175-->[com.google.firebase:firebase-auth:20.0.4] AndroidManifest.xml:65:13-101
176            android:enabled="true"
176-->[com.google.firebase:firebase-auth:20.0.4] AndroidManifest.xml:66:13-35
177            android:exported="false" >
177-->[com.google.firebase:firebase-auth:20.0.4] AndroidManifest.xml:67:13-37
178            <intent-filter>
178-->[com.google.firebase:firebase-auth:20.0.4] AndroidManifest.xml:68:13-72:29
179                <action android:name="com.google.firebase.auth.api.gms.service.START" />
179-->[com.google.firebase:firebase-auth:20.0.4] AndroidManifest.xml:69:17-89
179-->[com.google.firebase:firebase-auth:20.0.4] AndroidManifest.xml:69:25-86
180
181                <category android:name="android.intent.category.DEFAULT" />
181-->[com.google.firebase:firebase-auth:20.0.4] AndroidManifest.xml:36:17-76
181-->[com.google.firebase:firebase-auth:20.0.4] AndroidManifest.xml:36:27-73
182            </intent-filter>
183        </service>
184
185        <provider
185-->[com.google.firebase:firebase-common:19.5.0] AndroidManifest.xml:26:9-31:39
186            android:name="com.google.firebase.provider.FirebaseInitProvider"
186-->[com.google.firebase:firebase-common:19.5.0] AndroidManifest.xml:27:13-77
187            android:authorities="es.udc.tfg.delossantos.coronapass.androidApp.firebaseinitprovider"
187-->[com.google.firebase:firebase-common:19.5.0] AndroidManifest.xml:28:13-72
188            android:directBootAware="true"
188-->[com.google.firebase:firebase-common:19.5.0] AndroidManifest.xml:29:13-43
189            android:exported="false"
189-->[com.google.firebase:firebase-common:19.5.0] AndroidManifest.xml:30:13-37
190            android:initOrder="100" />
190-->[com.google.firebase:firebase-common:19.5.0] AndroidManifest.xml:31:13-36
191
192        <receiver
192-->[com.google.android.gms:play-services-measurement:18.0.3] AndroidManifest.xml:29:9-33:20
193            android:name="com.google.android.gms.measurement.AppMeasurementReceiver"
193-->[com.google.android.gms:play-services-measurement:18.0.3] AndroidManifest.xml:30:13-85
194            android:enabled="true"
194-->[com.google.android.gms:play-services-measurement:18.0.3] AndroidManifest.xml:31:13-35
195            android:exported="false" >
195-->[com.google.android.gms:play-services-measurement:18.0.3] AndroidManifest.xml:32:13-37
196        </receiver>
197
198        <service
198-->[com.google.android.gms:play-services-measurement:18.0.3] AndroidManifest.xml:35:9-38:40
199            android:name="com.google.android.gms.measurement.AppMeasurementService"
199-->[com.google.android.gms:play-services-measurement:18.0.3] AndroidManifest.xml:36:13-84
200            android:enabled="true"
200-->[com.google.android.gms:play-services-measurement:18.0.3] AndroidManifest.xml:37:13-35
201            android:exported="false" />
201-->[com.google.android.gms:play-services-measurement:18.0.3] AndroidManifest.xml:38:13-37
202        <service
202-->[com.google.android.gms:play-services-measurement:18.0.3] AndroidManifest.xml:39:9-43:72
203            android:name="com.google.android.gms.measurement.AppMeasurementJobService"
203-->[com.google.android.gms:play-services-measurement:18.0.3] AndroidManifest.xml:40:13-87
204            android:enabled="true"
204-->[com.google.android.gms:play-services-measurement:18.0.3] AndroidManifest.xml:41:13-35
205            android:exported="false"
205-->[com.google.android.gms:play-services-measurement:18.0.3] AndroidManifest.xml:42:13-37
206            android:permission="android.permission.BIND_JOB_SERVICE" />
206-->[com.google.android.gms:play-services-measurement:18.0.3] AndroidManifest.xml:43:13-69
207
208        <activity
208-->[com.google.android.gms:play-services-base:17.1.0] AndroidManifest.xml:23:9-26:75
209            android:name="com.google.android.gms.common.api.GoogleApiActivity"
209-->[com.google.android.gms:play-services-base:17.1.0] AndroidManifest.xml:24:13-79
210            android:exported="false"
210-->[com.google.android.gms:play-services-base:17.1.0] AndroidManifest.xml:25:13-37
211            android:theme="@android:style/Theme.Translucent.NoTitleBar" />
211-->[com.google.android.gms:play-services-base:17.1.0] AndroidManifest.xml:26:13-72
212
213        <meta-data
213-->[com.google.android.gms:play-services-basement:17.1.0] AndroidManifest.xml:23:9-25:69
214            android:name="com.google.android.gms.version"
214-->[com.google.android.gms:play-services-basement:17.1.0] AndroidManifest.xml:24:13-58
215            android:value="@integer/google_play_services_version" />
215-->[com.google.android.gms:play-services-basement:17.1.0] AndroidManifest.xml:25:13-66
216    </application>
217
218</manifest>